2024-12-26 21:30:36,393 [Worker-5: Loading available Gradle versions] INFO  o.e.b.c.i.u.g.PublishedGradleVersions - Gradle version information cache is up-to-date. Trying to read.
2024-12-26 21:31:36,431 [Worker-6: Launching mavenrun-d311d09f-29de-4c84-841f-e2e9a3673828] INFO  o.eclipse.m2e.core.internal.Bundles - getClasspathEntries(Bundle=org.eclipse.m2e.maven.runtime_3.9.100.20230519-1558 [288])
2024-12-26 21:31:36,436 [Worker-6: Launching mavenrun-d311d09f-29de-4c84-841f-e2e9a3673828] INFO  o.eclipse.m2e.core.internal.Bundles - 	Entry: C:\Users\DELL\.p2\pool\plugins\org.eclipse.m2e.maven.runtime_3.9.100.20230519-1558
2024-12-26 21:31:36,436 [Worker-6: Launching mavenrun-d311d09f-29de-4c84-841f-e2e9a3673828] INFO  o.eclipse.m2e.core.internal.Bundles - 	Entry: C:\Users\DELL\.p2\pool\plugins\org.eclipse.m2e.maven.runtime_3.9.100.20230519-1558\jars\aether-connector-okhttp-0.17.8.jar
2024-12-26 21:31:36,437 [Worker-6: Launching mavenrun-d311d09f-29de-4c84-841f-e2e9a3673828] INFO  o.eclipse.m2e.core.internal.Bundles - 	Entry: C:\Users\DELL\.p2\pool\plugins\org.eclipse.m2e.maven.runtime_3.9.100.20230519-1558\jars\aopalliance-1.0.jar
2024-12-26 21:31:36,438 [Worker-6: Launching mavenrun-d311d09f-29de-4c84-841f-e2e9a3673828] INFO  o.eclipse.m2e.core.internal.Bundles - 	Entry: C:\Users\DELL\.p2\pool\plugins\org.eclipse.m2e.maven.runtime_3.9.100.20230519-1558\jars\commons-lang3-3.8.1.jar
2024-12-26 21:31:36,438 [Worker-6: Launching mavenrun-d311d09f-29de-4c84-841f-e2e9a3673828] INFO  o.eclipse.m2e.core.internal.Bundles - 	Entry: C:\Users\DELL\.p2\pool\plugins\org.eclipse.m2e.maven.runtime_3.9.100.20230519-1558\jars\failureaccess-1.0.1.jar
2024-12-26 21:31:36,438 [Worker-6: Launching mavenrun-d311d09f-29de-4c84-841f-e2e9a3673828] INFO  o.eclipse.m2e.core.internal.Bundles - 	Entry: C:\Users\DELL\.p2\pool\plugins\org.eclipse.m2e.maven.runtime_3.9.100.20230519-1558\jars\guava-30.1-jre.jar
2024-12-26 21:31:36,438 [Worker-6: Launching mavenrun-d311d09f-29de-4c84-841f-e2e9a3673828] INFO  o.eclipse.m2e.core.internal.Bundles - 	Entry: C:\Users\DELL\.p2\pool\plugins\org.eclipse.m2e.maven.runtime_3.9.100.20230519-1558\jars\guice-5.1.0.jar
2024-12-26 21:31:36,438 [Worker-6: Launching mavenrun-d311d09f-29de-4c84-841f-e2e9a3673828] INFO  o.eclipse.m2e.core.internal.Bundles - 	Entry: C:\Users\DELL\.p2\pool\plugins\org.eclipse.m2e.maven.runtime_3.9.100.20230519-1558\jars\jansi-2.4.0.jar
2024-12-26 21:31:36,438 [Worker-6: Launching mavenrun-d311d09f-29de-4c84-841f-e2e9a3673828] INFO  o.eclipse.m2e.core.internal.Bundles - 	Entry: C:\Users\DELL\.p2\pool\plugins\org.eclipse.m2e.maven.runtime_3.9.100.20230519-1558\jars\maven-artifact-3.9.1.jar
2024-12-26 21:31:36,439 [Worker-6: Launching mavenrun-d311d09f-29de-4c84-841f-e2e9a3673828] INFO  o.eclipse.m2e.core.internal.Bundles - 	Entry: C:\Users\DELL\.p2\pool\plugins\org.eclipse.m2e.maven.runtime_3.9.100.20230519-1558\jars\maven-builder-support-3.9.1.jar
2024-12-26 21:31:36,439 [Worker-6: Launching mavenrun-d311d09f-29de-4c84-841f-e2e9a3673828] INFO  o.eclipse.m2e.core.internal.Bundles - 	Entry: C:\Users\DELL\.p2\pool\plugins\org.eclipse.m2e.maven.runtime_3.9.100.20230519-1558\jars\maven-compat-3.9.1.jar
2024-12-26 21:31:36,439 [Worker-6: Launching mavenrun-d311d09f-29de-4c84-841f-e2e9a3673828] INFO  o.eclipse.m2e.core.internal.Bundles - 	Entry: C:\Users\DELL\.p2\pool\plugins\org.eclipse.m2e.maven.runtime_3.9.100.20230519-1558\jars\maven-core-3.9.1.jar
2024-12-26 21:31:36,439 [Worker-6: Launching mavenrun-d311d09f-29de-4c84-841f-e2e9a3673828] INFO  o.eclipse.m2e.core.internal.Bundles - 	Entry: C:\Users\DELL\.p2\pool\plugins\org.eclipse.m2e.maven.runtime_3.9.100.20230519-1558\jars\maven-embedder-3.9.1.jar
2024-12-26 21:31:36,439 [Worker-6: Launching mavenrun-d311d09f-29de-4c84-841f-e2e9a3673828] INFO  o.eclipse.m2e.core.internal.Bundles - 	Entry: C:\Users\DELL\.p2\pool\plugins\org.eclipse.m2e.maven.runtime_3.9.100.20230519-1558\jars\maven-model-3.9.1.jar
2024-12-26 21:31:36,440 [Worker-6: Launching mavenrun-d311d09f-29de-4c84-841f-e2e9a3673828] INFO  o.eclipse.m2e.core.internal.Bundles - 	Entry: C:\Users\DELL\.p2\pool\plugins\org.eclipse.m2e.maven.runtime_3.9.100.20230519-1558\jars\maven-model-builder-3.9.1.jar
2024-12-26 21:31:36,440 [Worker-6: Launching mavenrun-d311d09f-29de-4c84-841f-e2e9a3673828] INFO  o.eclipse.m2e.core.internal.Bundles - 	Entry: C:\Users\DELL\.p2\pool\plugins\org.eclipse.m2e.maven.runtime_3.9.100.20230519-1558\jars\maven-plugin-api-3.9.1.jar
2024-12-26 21:31:36,440 [Worker-6: Launching mavenrun-d311d09f-29de-4c84-841f-e2e9a3673828] INFO  o.eclipse.m2e.core.internal.Bundles - 	Entry: C:\Users\DELL\.p2\pool\plugins\org.eclipse.m2e.maven.runtime_3.9.100.20230519-1558\jars\maven-repository-metadata-3.9.1.jar
2024-12-26 21:31:36,440 [Worker-6: Launching mavenrun-d311d09f-29de-4c84-841f-e2e9a3673828] INFO  o.eclipse.m2e.core.internal.Bundles - 	Entry: C:\Users\DELL\.p2\pool\plugins\org.eclipse.m2e.maven.runtime_3.9.100.20230519-1558\jars\maven-resolver-api-1.9.7.jar
2024-12-26 21:31:36,440 [Worker-6: Launching mavenrun-d311d09f-29de-4c84-841f-e2e9a3673828] INFO  o.eclipse.m2e.core.internal.Bundles - 	Entry: C:\Users\DELL\.p2\pool\plugins\org.eclipse.m2e.maven.runtime_3.9.100.20230519-1558\jars\maven-resolver-connector-basic-1.9.7.jar
2024-12-26 21:31:36,440 [Worker-6: Launching mavenrun-d311d09f-29de-4c84-841f-e2e9a3673828] INFO  o.eclipse.m2e.core.internal.Bundles - 	Entry: C:\Users\DELL\.p2\pool\plugins\org.eclipse.m2e.maven.runtime_3.9.100.20230519-1558\jars\maven-resolver-impl-1.9.7.jar
2024-12-26 21:31:36,441 [Worker-6: Launching mavenrun-d311d09f-29de-4c84-841f-e2e9a3673828] INFO  o.eclipse.m2e.core.internal.Bundles - 	Entry: C:\Users\DELL\.p2\pool\plugins\org.eclipse.m2e.maven.runtime_3.9.100.20230519-1558\jars\maven-resolver-named-locks-1.9.7.jar
2024-12-26 21:31:36,441 [Worker-6: Launching mavenrun-d311d09f-29de-4c84-841f-e2e9a3673828] INFO  o.eclipse.m2e.core.internal.Bundles - 	Entry: C:\Users\DELL\.p2\pool\plugins\org.eclipse.m2e.maven.runtime_3.9.100.20230519-1558\jars\maven-resolver-provider-3.9.1.jar
2024-12-26 21:31:36,441 [Worker-6: Launching mavenrun-d311d09f-29de-4c84-841f-e2e9a3673828] INFO  o.eclipse.m2e.core.internal.Bundles - 	Entry: C:\Users\DELL\.p2\pool\plugins\org.eclipse.m2e.maven.runtime_3.9.100.20230519-1558\jars\maven-resolver-spi-1.9.7.jar
2024-12-26 21:31:36,441 [Worker-6: Launching mavenrun-d311d09f-29de-4c84-841f-e2e9a3673828] INFO  o.eclipse.m2e.core.internal.Bundles - 	Entry: C:\Users\DELL\.p2\pool\plugins\org.eclipse.m2e.maven.runtime_3.9.100.20230519-1558\jars\maven-resolver-transport-wagon-1.9.7.jar
2024-12-26 21:31:36,441 [Worker-6: Launching mavenrun-d311d09f-29de-4c84-841f-e2e9a3673828] INFO  o.eclipse.m2e.core.internal.Bundles - 	Entry: C:\Users\DELL\.p2\pool\plugins\org.eclipse.m2e.maven.runtime_3.9.100.20230519-1558\jars\maven-resolver-util-1.9.7.jar
2024-12-26 21:31:36,441 [Worker-6: Launching mavenrun-d311d09f-29de-4c84-841f-e2e9a3673828] INFO  o.eclipse.m2e.core.internal.Bundles - 	Entry: C:\Users\DELL\.p2\pool\plugins\org.eclipse.m2e.maven.runtime_3.9.100.20230519-1558\jars\maven-settings-3.9.1.jar
2024-12-26 21:31:36,442 [Worker-6: Launching mavenrun-d311d09f-29de-4c84-841f-e2e9a3673828] INFO  o.eclipse.m2e.core.internal.Bundles - 	Entry: C:\Users\DELL\.p2\pool\plugins\org.eclipse.m2e.maven.runtime_3.9.100.20230519-1558\jars\maven-settings-builder-3.9.1.jar
2024-12-26 21:31:36,442 [Worker-6: Launching mavenrun-d311d09f-29de-4c84-841f-e2e9a3673828] INFO  o.eclipse.m2e.core.internal.Bundles - 	Entry: C:\Users\DELL\.p2\pool\plugins\org.eclipse.m2e.maven.runtime_3.9.100.20230519-1558\jars\maven-shared-utils-3.3.4.jar
2024-12-26 21:31:36,442 [Worker-6: Launching mavenrun-d311d09f-29de-4c84-841f-e2e9a3673828] INFO  o.eclipse.m2e.core.internal.Bundles - 	Entry: C:\Users\DELL\.p2\pool\plugins\org.eclipse.m2e.maven.runtime_3.9.100.20230519-1558\jars\okhttp-3.14.1.jar
2024-12-26 21:31:36,442 [Worker-6: Launching mavenrun-d311d09f-29de-4c84-841f-e2e9a3673828] INFO  o.eclipse.m2e.core.internal.Bundles - 	Entry: C:\Users\DELL\.p2\pool\plugins\org.eclipse.m2e.maven.runtime_3.9.100.20230519-1558\jars\okio-1.17.3.jar
2024-12-26 21:31:36,442 [Worker-6: Launching mavenrun-d311d09f-29de-4c84-841f-e2e9a3673828] INFO  o.eclipse.m2e.core.internal.Bundles - 	Entry: C:\Users\DELL\.p2\pool\plugins\org.eclipse.m2e.maven.runtime_3.9.100.20230519-1558\jars\org.eclipse.sisu.inject-0.3.5.jar
2024-12-26 21:31:36,442 [Worker-6: Launching mavenrun-d311d09f-29de-4c84-841f-e2e9a3673828] INFO  o.eclipse.m2e.core.internal.Bundles - 	Entry: C:\Users\DELL\.p2\pool\plugins\org.eclipse.m2e.maven.runtime_3.9.100.20230519-1558\jars\org.eclipse.sisu.plexus-0.3.5.jar
2024-12-26 21:31:36,442 [Worker-6: Launching mavenrun-d311d09f-29de-4c84-841f-e2e9a3673828] INFO  o.eclipse.m2e.core.internal.Bundles - 	Entry: C:\Users\DELL\.p2\pool\plugins\org.eclipse.m2e.maven.runtime_3.9.100.20230519-1558\jars\plexus-build-api-0.0.7.jar
2024-12-26 21:31:36,443 [Worker-6: Launching mavenrun-d311d09f-29de-4c84-841f-e2e9a3673828] INFO  o.eclipse.m2e.core.internal.Bundles - 	Entry: C:\Users\DELL\.p2\pool\plugins\org.eclipse.m2e.maven.runtime_3.9.100.20230519-1558\jars\plexus-cipher-2.0.jar
2024-12-26 21:31:36,443 [Worker-6: Launching mavenrun-d311d09f-29de-4c84-841f-e2e9a3673828] INFO  o.eclipse.m2e.core.internal.Bundles - 	Entry: C:\Users\DELL\.p2\pool\plugins\org.eclipse.m2e.maven.runtime_3.9.100.20230519-1558\jars\plexus-classworlds-2.6.0.jar
2024-12-26 21:31:36,443 [Worker-6: Launching mavenrun-d311d09f-29de-4c84-841f-e2e9a3673828] INFO  o.eclipse.m2e.core.internal.Bundles - 	Entry: C:\Users\DELL\.p2\pool\plugins\org.eclipse.m2e.maven.runtime_3.9.100.20230519-1558\jars\plexus-component-annotations-2.1.0.jar
2024-12-26 21:31:36,443 [Worker-6: Launching mavenrun-d311d09f-29de-4c84-841f-e2e9a3673828] INFO  o.eclipse.m2e.core.internal.Bundles - 	Entry: C:\Users\DELL\.p2\pool\plugins\org.eclipse.m2e.maven.runtime_3.9.100.20230519-1558\jars\plexus-interpolation-1.26.jar
2024-12-26 21:31:36,443 [Worker-6: Launching mavenrun-d311d09f-29de-4c84-841f-e2e9a3673828] INFO  o.eclipse.m2e.core.internal.Bundles - 	Entry: C:\Users\DELL\.p2\pool\plugins\org.eclipse.m2e.maven.runtime_3.9.100.20230519-1558\jars\plexus-sec-dispatcher-2.0.jar
2024-12-26 21:31:36,443 [Worker-6: Launching mavenrun-d311d09f-29de-4c84-841f-e2e9a3673828] INFO  o.eclipse.m2e.core.internal.Bundles - 	Entry: C:\Users\DELL\.p2\pool\plugins\org.eclipse.m2e.maven.runtime_3.9.100.20230519-1558\jars\plexus-utils-3.5.1.jar
2024-12-26 21:31:36,443 [Worker-6: Launching mavenrun-d311d09f-29de-4c84-841f-e2e9a3673828] INFO  o.eclipse.m2e.core.internal.Bundles - 	Entry: C:\Users\DELL\.p2\pool\plugins\org.eclipse.m2e.maven.runtime_3.9.100.20230519-1558\jars\wagon-file-3.5.3.jar
2024-12-26 21:31:36,444 [Worker-6: Launching mavenrun-d311d09f-29de-4c84-841f-e2e9a3673828] INFO  o.eclipse.m2e.core.internal.Bundles - 	Entry: C:\Users\DELL\.p2\pool\plugins\org.eclipse.m2e.maven.runtime_3.9.100.20230519-1558\jars\wagon-provider-api-3.5.3.jar
2024-12-26 21:31:36,452 [Worker-6: Launching mavenrun-d311d09f-29de-4c84-841f-e2e9a3673828] INFO  o.eclipse.m2e.core.internal.Bundles - getClasspathEntries(Bundle=com.google.guava_31.1.0.jre [11])
2024-12-26 21:31:36,453 [Worker-6: Launching mavenrun-d311d09f-29de-4c84-841f-e2e9a3673828] INFO  o.eclipse.m2e.core.internal.Bundles - 	Entry: C:\Users\DELL\.p2\pool\plugins\com.google.guava_31.1.0.jre.jar
2024-12-26 21:31:36,453 [Worker-6: Launching mavenrun-d311d09f-29de-4c84-841f-e2e9a3673828] INFO  o.eclipse.m2e.core.internal.Bundles - getClasspathEntries(Bundle=slf4j.api_1.7.36 [516])
2024-12-26 21:31:36,453 [Worker-6: Launching mavenrun-d311d09f-29de-4c84-841f-e2e9a3673828] INFO  o.eclipse.m2e.core.internal.Bundles - 	Entry: C:\Users\DELL\.p2\pool\plugins\slf4j.api_1.7.36.jar
2024-12-26 21:31:36,453 [Worker-6: Launching mavenrun-d311d09f-29de-4c84-841f-e2e9a3673828] INFO  o.eclipse.m2e.core.internal.Bundles - getClasspathEntries(Bundle=javax.inject_1.0.0.v20220405-0441 [25])
2024-12-26 21:31:36,454 [Worker-6: Launching mavenrun-d311d09f-29de-4c84-841f-e2e9a3673828] INFO  o.eclipse.m2e.core.internal.Bundles - 	Entry: C:\Users\DELL\.p2\pool\plugins\javax.inject_1.0.0.v20220405-0441.jar
2024-12-26 21:31:36,454 [Worker-6: Launching mavenrun-d311d09f-29de-4c84-841f-e2e9a3673828] INFO  o.eclipse.m2e.core.internal.Bundles - getClasspathEntries(Bundle=javax.annotation_1.3.5.v20230504-0748 [23])
2024-12-26 21:31:36,455 [Worker-6: Launching mavenrun-d311d09f-29de-4c84-841f-e2e9a3673828] INFO  o.eclipse.m2e.core.internal.Bundles - 	Entry: C:\Users\DELL\.p2\pool\plugins\javax.annotation_1.3.5.v20230504-0748.jar
2024-12-26 21:31:36,455 [Worker-6: Launching mavenrun-d311d09f-29de-4c84-841f-e2e9a3673828] INFO  o.eclipse.m2e.core.internal.Bundles - getClasspathEntries(Bundle=org.apache.commons.cli_1.5.0 [47])
2024-12-26 21:31:36,456 [Worker-6: Launching mavenrun-d311d09f-29de-4c84-841f-e2e9a3673828] INFO  o.eclipse.m2e.core.internal.Bundles - 	Entry: C:\Users\DELL\.p2\pool\plugins\org.apache.commons.cli_1.5.0.jar
2024-12-26 21:31:36,456 [Worker-6: Launching mavenrun-d311d09f-29de-4c84-841f-e2e9a3673828] INFO  o.eclipse.m2e.core.internal.Bundles - getClasspathEntries(Bundle=com.google.guava.failureaccess_1.0.1 [12])
2024-12-26 21:31:36,457 [Worker-6: Launching mavenrun-d311d09f-29de-4c84-841f-e2e9a3673828] INFO  o.eclipse.m2e.core.internal.Bundles - 	Entry: C:\Users\DELL\.p2\pool\plugins\com.google.guava.failureaccess_1.0.1.jar
2024-12-26 21:31:36,462 [Worker-6: Launching mavenrun-d311d09f-29de-4c84-841f-e2e9a3673828] INFO  o.e.m.i.launch.MavenLaunchDelegate - Run build in "C:\Users\DELL\AppData\Local\Temp\m2e-archetypeGenerator8025010923525161366":
2024-12-26 21:31:36,465 [Worker-6: Launching mavenrun-d311d09f-29de-4c84-841f-e2e9a3673828] INFO  o.e.m.i.launch.MavenLaunchDelegate -  mvn  -DarchetypeGroupId=org.apache.maven.archetypes -DarchetypeArtifactId=maven-archetype-quickstart -DarchetypeVersion=1.1 -DgroupId=PHPTRAVEL -DartifactId=PHPTRAVEL -Dversion=0.0.1-SNAPSHOT -Dpackage=PHPTRAVEL.PHPTRAVEL -DoutputDirectory=D:\Automation_Demo_Project -Dstyle.color=always -U archetype:generate
2024-12-26 21:32:46,867 [Worker-7: Creating maven-archetype-quickstart] INFO  o.e.m.c.i.p.ProjectConfigurationManager - Collecting project info '/pom.xml' D:\Automation_Demo_Project\PHPTRAVEL\pom.xml
2024-12-26 21:32:48,975 [Worker-7: Creating maven-archetype-quickstart] INFO  o.e.m.c.i.l.LifecycleMappingFactory - Using org.eclipse.m2e.jdt.JarLifecycleMapping lifecycle mapping for MavenProject: PHPTRAVEL:PHPTRAVEL:0.0.1-SNAPSHOT @ D:\Automation_Demo_Project\PHPTRAVEL\pom.xml.
2024-12-26 21:32:50,370 [Worker-7: Creating maven-archetype-quickstart] INFO  o.e.m.j.i.AbstractJavaProjectConfigurator - Adding source folder /PHPTRAVEL/src/main/java
2024-12-26 21:32:50,370 [Worker-7: Creating maven-archetype-quickstart] INFO  o.e.m.j.i.AbstractJavaProjectConfigurator - Adding resource folder /PHPTRAVEL/src/main/resources
2024-12-26 21:32:50,380 [Worker-7: Creating maven-archetype-quickstart] INFO  o.e.m.j.i.AbstractJavaProjectConfigurator - Adding source folder /PHPTRAVEL/src/test/java
2024-12-26 21:32:50,381 [Worker-7: Creating maven-archetype-quickstart] INFO  o.e.m.j.i.AbstractJavaProjectConfigurator - Adding resource folder /PHPTRAVEL/src/test/resources
2024-12-26 21:32:50,496 [Worker-7: Creating maven-archetype-quickstart] INFO  o.e.m.c.i.p.ProjectConfigurationManager - Imported and configured 1 project(s) in 3 sec
2024-12-26 21:32:51,140 [Worker-21: Building] INFO  o.a.m.s.f.DefaultMavenResourcesFiltering - skip non existing resourceDirectory D:\Automation_Demo_Project\PHPTRAVEL\src\main\resources
2024-12-26 21:32:51,144 [Worker-21: Building] INFO  o.a.m.s.f.DefaultMavenResourcesFiltering - skip non existing resourceDirectory D:\Automation_Demo_Project\PHPTRAVEL\src\test\resources
2024-12-26 21:33:04,329 [Worker-9: Building] INFO  o.a.m.s.f.DefaultMavenResourcesFiltering - skip non existing resourceDirectory D:\Automation_Demo_Project\PHPTRAVEL\src\main\resources
2024-12-26 21:33:04,331 [Worker-9: Building] INFO  o.a.m.s.f.DefaultMavenResourcesFiltering - skip non existing resourceDirectory D:\Automation_Demo_Project\PHPTRAVEL\src\test\resources
2024-12-26 21:33:13,013 [Worker-22: Building] INFO  o.a.m.s.f.DefaultMavenResourcesFiltering - skip non existing resourceDirectory D:\Automation_Demo_Project\PHPTRAVEL\src\main\resources
2024-12-26 21:33:13,015 [Worker-22: Building] INFO  o.a.m.s.f.DefaultMavenResourcesFiltering - skip non existing resourceDirectory D:\Automation_Demo_Project\PHPTRAVEL\src\test\resources
2024-12-26 21:54:51,000 [Worker-15: Building] INFO  o.e.m.c.i.l.LifecycleMappingFactory - Using org.eclipse.m2e.jdt.JarLifecycleMapping lifecycle mapping for MavenProject: PHPTRAVEL:PHPTRAVEL:0.0.1-SNAPSHOT @ D:\Automation_Demo_Project\PHPTRAVEL\pom.xml.
2024-12-26 21:54:51,172 [Worker-15: Building] INFO  o.a.m.s.f.DefaultMavenResourcesFiltering - skip non existing resourceDirectory D:\Automation_Demo_Project\PHPTRAVEL\src\main\resources
2024-12-26 21:54:51,175 [Worker-15: Building] INFO  o.a.m.s.f.DefaultMavenResourcesFiltering - skip non existing resourceDirectory D:\Automation_Demo_Project\PHPTRAVEL\src\test\resources
2024-12-26 22:00:50,909 [Worker-4: Loading available Gradle versions] INFO  o.e.b.c.i.u.g.PublishedGradleVersions - Gradle version information cache is up-to-date. Trying to read.
2024-12-26 22:02:42,651 [Worker-17: Building] INFO  o.a.m.s.f.DefaultMavenResourcesFiltering - skip non existing resourceDirectory D:\Automation_Demo_Project\PHPTRAVEL\src\main\resources
2024-12-26 22:02:42,654 [Worker-17: Building] INFO  o.a.m.s.f.DefaultMavenResourcesFiltering - skip non existing resourceDirectory D:\Automation_Demo_Project\PHPTRAVEL\src\test\resources
2024-12-26 22:03:09,602 [Worker-4: Building] INFO  o.a.m.s.f.DefaultMavenResourcesFiltering - skip non existing resourceDirectory D:\Automation_Demo_Project\PHPTRAVEL\src\main\resources
2024-12-26 22:03:09,604 [Worker-4: Building] INFO  o.a.m.s.f.DefaultMavenResourcesFiltering - skip non existing resourceDirectory D:\Automation_Demo_Project\PHPTRAVEL\src\test\resources
2024-12-26 22:03:44,664 [Worker-17: Building] INFO  o.a.m.s.f.DefaultMavenResourcesFiltering - skip non existing resourceDirectory D:\Automation_Demo_Project\PHPTRAVEL\src\main\resources
2024-12-26 22:03:44,668 [Worker-17: Building] INFO  o.a.m.s.f.DefaultMavenResourcesFiltering - skip non existing resourceDirectory D:\Automation_Demo_Project\PHPTRAVEL\src\test\resources
2024-12-26 22:04:32,640 [Worker-0: Building] INFO  o.a.m.s.f.DefaultMavenResourcesFiltering - skip non existing resourceDirectory D:\Automation_Demo_Project\PHPTRAVEL\src\main\resources
2024-12-26 22:04:32,643 [Worker-0: Building] INFO  o.a.m.s.f.DefaultMavenResourcesFiltering - skip non existing resourceDirectory D:\Automation_Demo_Project\PHPTRAVEL\src\test\resources
2024-12-26 22:05:37,069 [Worker-4: Building] INFO  o.a.m.s.f.DefaultMavenResourcesFiltering - skip non existing resourceDirectory D:\Automation_Demo_Project\PHPTRAVEL\src\main\resources
2024-12-26 22:05:37,072 [Worker-4: Building] INFO  o.a.m.s.f.DefaultMavenResourcesFiltering - skip non existing resourceDirectory D:\Automation_Demo_Project\PHPTRAVEL\src\test\resources
2024-12-26 22:06:56,389 [Worker-5: Building] ERROR o.e.m.c.i.p.r.ProjectRegistryManager - Could not read pom.xml
org.eclipse.core.runtime.CoreException: Could not read pom.xml
	at org.eclipse.m2e.core.internal.IMavenToolbox.readModel(IMavenToolbox.java:236)
	at org.eclipse.m2e.core.internal.project.registry.ProjectRegistryManager.refreshPhase2(ProjectRegistryManager.java:585)
	at org.eclipse.m2e.core.internal.project.registry.ProjectRegistryManager.refresh(ProjectRegistryManager.java:485)
	at org.eclipse.m2e.core.internal.project.registry.ProjectRegistryManager.refresh(ProjectRegistryManager.java:362)
	at org.eclipse.m2e.core.internal.project.registry.ProjectRegistryManager.refresh(ProjectRegistryManager.java:314)
	at org.eclipse.m2e.core.internal.builder.MavenBuilder$BuildMethod.getProjectFacade(MavenBuilder.java:146)
	at org.eclipse.m2e.core.internal.builder.MavenBuilder$BuildMethod.lambda$0(MavenBuilder.java:84)
	at org.eclipse.m2e.core.internal.embedder.MavenExecutionContext.executeBare(MavenExecutionContext.java:394)
	at org.eclipse.m2e.core.internal.embedder.MavenExecutionContext.execute(MavenExecutionContext.java:275)
	at org.eclipse.m2e.core.internal.embedder.MavenExecutionContext.execute(MavenExecutionContext.java:214)
	at org.eclipse.m2e.core.internal.builder.MavenBuilder$BuildMethod.execute(MavenBuilder.java:83)
	at org.eclipse.m2e.core.internal.builder.MavenBuilder.build(MavenBuilder.java:192)
	at org.eclipse.core.internal.events.BuildManager$2.run(BuildManager.java:1020)
	at org.eclipse.core.runtime.SafeRunner.run(SafeRunner.java:45)
	at org.eclipse.core.internal.events.BuildManager.basicBuild(BuildManager.java:247)
	at org.eclipse.core.internal.events.BuildManager.basicBuild(BuildManager.java:303)
	at org.eclipse.core.internal.events.BuildManager$1.run(BuildManager.java:392)
	at org.eclipse.core.runtime.SafeRunner.run(SafeRunner.java:45)
	at org.eclipse.core.internal.events.BuildManager.basicBuild(BuildManager.java:395)
	at org.eclipse.core.internal.events.BuildManager.basicBuildLoop(BuildManager.java:506)
	at org.eclipse.core.internal.events.BuildManager.basicBuildLoop(BuildManager.java:454)
	at org.eclipse.core.internal.events.BuildManager.build(BuildManager.java:536)
	at org.eclipse.core.internal.events.AutoBuildJob.doBuild(AutoBuildJob.java:196)
	at org.eclipse.core.internal.events.AutoBuildJob.run(AutoBuildJob.java:289)
	at org.eclipse.core.internal.jobs.Worker.run(Worker.java:63)
Caused by: org.apache.maven.model.io.ModelParseException: end tag name </dependencies> must match start tag name <project> from line 1 (position: TEXT seen ...</dependencies>\r\n  </dependencies>... @43:18) 
	at org.apache.maven.model.io.DefaultModelReader.read(DefaultModelReader.java:96)
	at org.apache.maven.model.io.DefaultModelReader.read(DefaultModelReader.java:74)
	at org.eclipse.m2e.core.internal.IMavenToolbox.readModel(IMavenToolbox.java:234)
	... 24 common frames omitted
Caused by: org.codehaus.plexus.util.xml.pull.XmlPullParserException: end tag name </dependencies> must match start tag name <project> from line 1 (position: TEXT seen ...</dependencies>\r\n  </dependencies>... @43:18) 
	at org.codehaus.plexus.util.xml.pull.MXParser.parseEndTag(MXParser.java:2151)
	at org.codehaus.plexus.util.xml.pull.MXParser.nextImpl(MXParser.java:1418)
	at org.codehaus.plexus.util.xml.pull.MXParser.next(MXParser.java:1375)
	at org.codehaus.plexus.util.xml.pull.MXParser.nextTag(MXParser.java:1360)
	at org.apache.maven.model.io.xpp3.MavenXpp3Reader.parseModel(MavenXpp3Reader.java:2113)
	at org.apache.maven.model.io.xpp3.MavenXpp3Reader.read(MavenXpp3Reader.java:3936)
	at org.apache.maven.model.io.xpp3.MavenXpp3Reader.read(MavenXpp3Reader.java:612)
	at org.apache.maven.model.io.DefaultModelReader.read(DefaultModelReader.java:93)
	... 26 common frames omitted
2024-12-26 22:07:02,753 [Worker-0: Building] INFO  o.e.m.c.i.l.LifecycleMappingFactory - Using org.eclipse.m2e.jdt.JarLifecycleMapping lifecycle mapping for MavenProject: PHPTRAVEL:PHPTRAVEL:0.0.1-SNAPSHOT @ D:\Automation_Demo_Project\PHPTRAVEL\pom.xml.
2024-12-26 22:07:06,487 [Worker-0: Building] INFO  o.a.m.s.f.DefaultMavenResourcesFiltering - skip non existing resourceDirectory D:\Automation_Demo_Project\PHPTRAVEL\src\main\resources
2024-12-26 22:07:06,490 [Worker-0: Building] INFO  o.a.m.s.f.DefaultMavenResourcesFiltering - skip non existing resourceDirectory D:\Automation_Demo_Project\PHPTRAVEL\src\test\resources
2024-12-26 22:07:30,794 [Worker-5: Building] INFO  o.a.m.s.f.DefaultMavenResourcesFiltering - skip non existing resourceDirectory D:\Automation_Demo_Project\PHPTRAVEL\src\main\resources
2024-12-26 22:07:30,797 [Worker-5: Building] INFO  o.a.m.s.f.DefaultMavenResourcesFiltering - skip non existing resourceDirectory D:\Automation_Demo_Project\PHPTRAVEL\src\test\resources
2024-12-26 22:09:08,955 [Start Help Server] INFO  org.eclipse.jetty.server.Server - jetty-10.0.15; built: 2023-04-11T17:25:14.480Z; git: 68017dbd00236bb7e187330d7585a059610f661d; jvm 17.0.8+9-LTS-211
2024-12-26 22:09:08,979 [Start Help Server] INFO  o.e.j.s.s.DefaultSessionIdManager - Session workerName=node0
2024-12-26 22:09:09,009 [Start Help Server] INFO  o.e.j.server.handler.ContextHandler - Started o.e.j.s.ServletContextHandler@2aa934cb{/help,null,AVAILABLE}
2024-12-26 22:09:09,038 [Start Help Server] INFO  o.e.jetty.server.AbstractConnector - Started ServerConnector@2d5044d5{HTTP/1.1, (http/1.1)}{127.0.0.1:64108}
2024-12-26 22:09:09,041 [Start Help Server] INFO  org.eclipse.jetty.server.Server - Started Server@7de43b9c{STARTING}[10.0.15,sto=0] @507526ms
2024-12-26 22:10:45,381 [Worker-0: Building] INFO  o.a.m.s.f.DefaultMavenResourcesFiltering - skip non existing resourceDirectory D:\Automation_Demo_Project\PHPTRAVEL\src\main\resources
2024-12-26 22:10:45,385 [Worker-0: Building] INFO  o.a.m.s.f.DefaultMavenResourcesFiltering - skip non existing resourceDirectory D:\Automation_Demo_Project\PHPTRAVEL\src\test\resources
2024-12-26 22:10:59,133 [Worker-5: Building] INFO  o.a.m.s.f.DefaultMavenResourcesFiltering - skip non existing resourceDirectory D:\Automation_Demo_Project\PHPTRAVEL\src\main\resources
2024-12-26 22:10:59,135 [Worker-5: Building] INFO  o.a.m.s.f.DefaultMavenResourcesFiltering - skip non existing resourceDirectory D:\Automation_Demo_Project\PHPTRAVEL\src\test\resources
2024-12-26 22:11:10,103 [Worker-17: Building] INFO  o.a.m.s.f.DefaultMavenResourcesFiltering - skip non existing resourceDirectory D:\Automation_Demo_Project\PHPTRAVEL\src\main\resources
2024-12-26 22:11:10,105 [Worker-17: Building] INFO  o.a.m.s.f.DefaultMavenResourcesFiltering - skip non existing resourceDirectory D:\Automation_Demo_Project\PHPTRAVEL\src\test\resources
2024-12-26 22:11:26,974 [Worker-5: Building] INFO  o.a.m.s.f.DefaultMavenResourcesFiltering - skip non existing resourceDirectory D:\Automation_Demo_Project\PHPTRAVEL\src\main\resources
2024-12-26 22:11:26,976 [Worker-5: Building] INFO  o.a.m.s.f.DefaultMavenResourcesFiltering - skip non existing resourceDirectory D:\Automation_Demo_Project\PHPTRAVEL\src\test\resources
2024-12-26 22:11:43,519 [Worker-4: Building] INFO  o.a.m.s.f.DefaultMavenResourcesFiltering - skip non existing resourceDirectory D:\Automation_Demo_Project\PHPTRAVEL\src\main\resources
2024-12-26 22:11:43,521 [Worker-4: Building] INFO  o.a.m.s.f.DefaultMavenResourcesFiltering - skip non existing resourceDirectory D:\Automation_Demo_Project\PHPTRAVEL\src\test\resources
2024-12-26 22:12:10,760 [Worker-17: Building] INFO  o.a.m.s.f.DefaultMavenResourcesFiltering - skip non existing resourceDirectory D:\Automation_Demo_Project\PHPTRAVEL\src\main\resources
2024-12-26 22:12:10,764 [Worker-17: Building] INFO  o.a.m.s.f.DefaultMavenResourcesFiltering - skip non existing resourceDirectory D:\Automation_Demo_Project\PHPTRAVEL\src\test\resources
2024-12-26 22:12:35,920 [Worker-17: Building] INFO  o.a.m.s.f.DefaultMavenResourcesFiltering - skip non existing resourceDirectory D:\Automation_Demo_Project\PHPTRAVEL\src\main\resources
2024-12-26 22:12:35,922 [Worker-17: Building] INFO  o.a.m.s.f.DefaultMavenResourcesFiltering - skip non existing resourceDirectory D:\Automation_Demo_Project\PHPTRAVEL\src\test\resources
2024-12-26 22:12:53,268 [Worker-10: Building] INFO  o.a.m.s.f.DefaultMavenResourcesFiltering - skip non existing resourceDirectory D:\Automation_Demo_Project\PHPTRAVEL\src\main\resources
2024-12-26 22:12:53,270 [Worker-10: Building] INFO  o.a.m.s.f.DefaultMavenResourcesFiltering - skip non existing resourceDirectory D:\Automation_Demo_Project\PHPTRAVEL\src\test\resources
2024-12-26 22:13:26,034 [Worker-31: Building] INFO  o.a.m.s.f.DefaultMavenResourcesFiltering - skip non existing resourceDirectory D:\Automation_Demo_Project\PHPTRAVEL\src\main\resources
2024-12-26 22:13:26,035 [Worker-31: Building] INFO  o.a.m.s.f.DefaultMavenResourcesFiltering - skip non existing resourceDirectory D:\Automation_Demo_Project\PHPTRAVEL\src\test\resources
2024-12-26 22:13:40,829 [Worker-5: Building] INFO  o.a.m.s.f.DefaultMavenResourcesFiltering - skip non existing resourceDirectory D:\Automation_Demo_Project\PHPTRAVEL\src\main\resources
2024-12-26 22:13:40,831 [Worker-5: Building] INFO  o.a.m.s.f.DefaultMavenResourcesFiltering - skip non existing resourceDirectory D:\Automation_Demo_Project\PHPTRAVEL\src\test\resources
2024-12-26 22:14:11,677 [Worker-4: Building] INFO  o.a.m.s.f.DefaultMavenResourcesFiltering - skip non existing resourceDirectory D:\Automation_Demo_Project\PHPTRAVEL\src\main\resources
2024-12-26 22:14:11,678 [Worker-4: Building] INFO  o.a.m.s.f.DefaultMavenResourcesFiltering - skip non existing resourceDirectory D:\Automation_Demo_Project\PHPTRAVEL\src\test\resources
2024-12-26 22:14:48,674 [Worker-10: Building] INFO  o.a.m.s.f.DefaultMavenResourcesFiltering - skip non existing resourceDirectory D:\Automation_Demo_Project\PHPTRAVEL\src\main\resources
2024-12-26 22:14:48,676 [Worker-10: Building] INFO  o.a.m.s.f.DefaultMavenResourcesFiltering - skip non existing resourceDirectory D:\Automation_Demo_Project\PHPTRAVEL\src\test\resources
2024-12-26 22:15:23,762 [Worker-5: Building] INFO  o.a.m.s.f.DefaultMavenResourcesFiltering - skip non existing resourceDirectory D:\Automation_Demo_Project\PHPTRAVEL\src\main\resources
2024-12-26 22:15:23,765 [Worker-5: Building] INFO  o.a.m.s.f.DefaultMavenResourcesFiltering - skip non existing resourceDirectory D:\Automation_Demo_Project\PHPTRAVEL\src\test\resources
2024-12-26 22:15:49,898 [Worker-31: Building] INFO  o.a.m.s.f.DefaultMavenResourcesFiltering - skip non existing resourceDirectory D:\Automation_Demo_Project\PHPTRAVEL\src\main\resources
2024-12-26 22:15:49,900 [Worker-31: Building] INFO  o.a.m.s.f.DefaultMavenResourcesFiltering - skip non existing resourceDirectory D:\Automation_Demo_Project\PHPTRAVEL\src\test\resources
2024-12-26 22:15:59,905 [Worker-4: Building] INFO  o.a.m.s.f.DefaultMavenResourcesFiltering - skip non existing resourceDirectory D:\Automation_Demo_Project\PHPTRAVEL\src\main\resources
2024-12-26 22:15:59,907 [Worker-4: Building] INFO  o.a.m.s.f.DefaultMavenResourcesFiltering - skip non existing resourceDirectory D:\Automation_Demo_Project\PHPTRAVEL\src\test\resources
2024-12-26 22:16:42,355 [Worker-17: Building] INFO  o.a.m.s.f.DefaultMavenResourcesFiltering - skip non existing resourceDirectory D:\Automation_Demo_Project\PHPTRAVEL\src\main\resources
2024-12-26 22:16:42,356 [Worker-17: Building] INFO  o.a.m.s.f.DefaultMavenResourcesFiltering - skip non existing resourceDirectory D:\Automation_Demo_Project\PHPTRAVEL\src\test\resources
2024-12-26 22:18:23,516 [Worker-10: Building] INFO  o.a.m.s.f.DefaultMavenResourcesFiltering - skip non existing resourceDirectory D:\Automation_Demo_Project\PHPTRAVEL\src\main\resources
2024-12-26 22:18:23,517 [Worker-10: Building] INFO  o.a.m.s.f.DefaultMavenResourcesFiltering - skip non existing resourceDirectory D:\Automation_Demo_Project\PHPTRAVEL\src\test\resources
2024-12-26 22:19:45,760 [Stop Help Server] INFO  org.eclipse.jetty.server.Server - Stopped Server@7de43b9c{STOPPING}[10.0.15,sto=0]
2024-12-26 22:19:45,765 [Stop Help Server] INFO  o.e.jetty.server.AbstractConnector - Stopped ServerConnector@2d5044d5{HTTP/1.1, (http/1.1)}{127.0.0.1:0}
2024-12-26 22:19:45,772 [Stop Help Server] INFO  o.e.j.server.handler.ContextHandler - Stopped o.e.j.s.ServletContextHandler@2aa934cb{/help,null,STOPPED}
